<?xml version="1.0" encoding="UTF-8"?>
<!-- Generated by org.testng.reporters.JUnitXMLReporter -->
<testsuite ignored="0" hostname="LAPTOP-F0EEAV3M" failures="1" tests="3" name="Hybrid Framework" time="21.723" errors="0" timestamp="14 Sep. 2019 14:32:34 GMT">
  <testcase classname="roicians.testcases.Contact_ustest" name="titlevalidation" time="0.01">
    <failure type="java.lang.AssertionError" message="expected [Contact_us] but found [Contact Us | Roicians]">
      <![CDATA[java.lang.AssertionError: expected [Contact_us] but found [Contact Us | Roicians]
at roicians.testcases.Contact_ustest.titlevalidation(Contact_ustest.java:33)
... Removed 31 stack frames]]>
    </failure>
  </testcase> <!-- titlevalidation -->
  <testcase classname="roicians.testcases.Contact_ustest" name="typevalidname" time="0.052"/>
  <testcase classname="roicians.testcases.Contact_ustest" name="typevalidemail" time="0.105"/>
</testsuite> <!-- Hybrid Framework -->
