<?xml version="1.0" encoding="UTF-8"?>
<!-- Generated by org.testng.reporters.JUnitXMLReporter -->
<testsuite ignored="0" hostname="LAPTOP-F0EEAV3M" failures="1" tests="3" name="Hybrid Framework" time="42.709" errors="0" timestamp="07 Mar. 2020 16:24:10 GMT">
  <testcase classname="roicians.testcases.Contact_ustest" name="titlevalidation" time="0.012">
    <failure type="java.lang.AssertionError" message="expected [Contact_us] but found [Contact Us | Roicians]">
      <![CDATA[java.lang.AssertionError: expected [Contact_us] but found [Contact Us | Roicians]
at roicians.testcases.Contact_ustest.titlevalidation(Contact_ustest.java:33)
... Removed 31 stack frames]]>
    </failure>
  </testcase> <!-- titlevalidation -->
  <testcase classname="roicians.testcases.Contact_ustest" name="typevalidname" time="0.103"/>
  <testcase classname="roicians.testcases.Contact_ustest" name="typevalidemail" time="0.111"/>
</testsuite> <!-- Hybrid Framework -->
